Copyright 1986-2020 Xilinx, Inc. All Rights Reserved.
-------------------------------------------------------------------------------------------------
| Tool Version : Vivado v.2020.2 (lin64) Build 3064766 Wed Nov 18 09:12:47 MST 2020
| Date         : Fri May  6 20:33:35 2022
| Host         : stamford.ifi.uio.no running 64-bit Red Hat Enterprise Linux release 8.5 (Ootpa)
| Command      : report_control_sets -verbose -file tutorial_bd_wrapper_control_sets_placed.rpt
| Design       : tutorial_bd_wrapper
| Device       : xc7z020
-------------------------------------------------------------------------------------------------

Control Set Information

Table of Contents
-----------------
1. Summary
2. Histogram
3. Flip-Flop Distribution
4. Detailed Control Set Information

1. Summary
----------

+----------------------------------------------------------+-------+
|                          Status                          | Count |
+----------------------------------------------------------+-------+
| Total control sets                                       |    41 |
|    Minimum number of control sets                        |    41 |
|    Addition due to synthesis replication                 |     0 |
|    Addition due to physical synthesis replication        |     0 |
| Unused register locations in slices containing registers |    96 |
+----------------------------------------------------------+-------+
* Control sets can be merged at opt_design using control_set_merge or merge_equivalent_drivers
** Run report_qor_suggestions for automated merging and remapping suggestions


2. Histogram
------------

+--------------------+-------+
|       Fanout       | Count |
+--------------------+-------+
| Total control sets |    41 |
| >= 0 to < 4        |     2 |
| >= 4 to < 6        |     9 |
| >= 6 to < 8        |     2 |
| >= 8 to < 10       |     4 |
| >= 10 to < 12      |     1 |
| >= 12 to < 14      |     5 |
| >= 14 to < 16      |     2 |
| >= 16              |    16 |
+--------------------+-------+
* Control sets can be remapped at either synth_design or opt_design


3. Flip-Flop Distribution
-------------------------

+--------------+-----------------------+------------------------+-----------------+--------------+
| Clock Enable | Synchronous Set/Reset | Asynchronous Set/Reset | Total Registers | Total Slices |
+--------------+-----------------------+------------------------+-----------------+--------------+
| No           | No                    | No                     |             159 |           47 |
| No           | No                    | Yes                    |              57 |           15 |
| No           | Yes                   | No                     |              66 |           18 |
| Yes          | No                    | No                     |             347 |           81 |
| Yes          | No                    | Yes                    |              29 |            8 |
| Yes          | Yes                   | No                     |              62 |           19 |
+--------------+-----------------------+------------------------+-----------------+--------------+


4. Detailed Control Set Information
-----------------------------------

+----------------------------------------------------+-------------------------------------------------------------------------------------------------------------------------------------------------------------------+----------------------------------------------------------------------------------------------------------------------------------------------------------+------------------+----------------+--------------+
|                    Clock Signal                    |                                                                           Enable Signal                                                                           |                                                                     Set/Reset Signal                                                                     | Slice Load Count | Bel Load Count | Bels / Slice |
+----------------------------------------------------+-------------------------------------------------------------------------------------------------------------------------------------------------------------------+----------------------------------------------------------------------------------------------------------------------------------------------------------+------------------+----------------+--------------+
|  tutorial_bd_i/processing_system7_0/inst/FCLK_CLK0 | tutorial_bd_i/ps7_0_axi_periph/s00_couplers/auto_pc/inst/gen_axilite.gen_b2s_conv.axilite_b2s/WR.aw_channel_0/aw_cmd_fsm_0/FSM_sequential_state_reg[0]_1          | tutorial_bd_i/ps7_0_axi_periph/s00_couplers/auto_pc/inst/gen_axilite.gen_b2s_conv.axilite_b2s/WR.aw_channel_0/aw_cmd_fsm_0/FSM_sequential_state_reg[0]_0 |                1 |              1 |         1.00 |
|  tutorial_bd_i/processing_system7_0/inst/FCLK_CLK0 | tutorial_bd_i/ps7_0_axi_periph/s00_couplers/auto_pc/inst/gen_axilite.gen_b2s_conv.axilite_b2s/WR.b_channel_0/bid_fifo_0/sel                                       |                                                                                                                                                          |                1 |              2 |         2.00 |
|  tutorial_bd_i/processing_system7_0/inst/FCLK_CLK0 |                                                                                                                                                                   | tutorial_bd_i/axi_gpio_0/U0/AXI_LITE_IPIF_I/I_SLAVE_ATTACHMENT/clear                                                                                     |                1 |              4 |         4.00 |
|  tutorial_bd_i/processing_system7_0/inst/FCLK_CLK0 | tutorial_bd_i/ps7_0_axi_periph/s00_couplers/auto_pc/inst/gen_axilite.gen_b2s_conv.axilite_b2s/RD.ar_channel_0/ar_cmd_fsm_0/m_axi_arready_2                        | tutorial_bd_i/ps7_0_axi_periph/s00_couplers/auto_pc/inst/gen_axilite.gen_b2s_conv.axilite_b2s/RD.ar_channel_0/ar_cmd_fsm_0/FSM_sequential_state_reg[1]_0 |                2 |              4 |         2.00 |
|  tutorial_bd_i/processing_system7_0/inst/FCLK_CLK0 | tutorial_bd_i/axi_gpio_0/U0/AXI_LITE_IPIF_I/I_SLAVE_ATTACHMENT/start2                                                                                             | tutorial_bd_i/axi_gpio_0/U0/AXI_LITE_IPIF_I/I_SLAVE_ATTACHMENT/I_DECODER/cs_ce_clr                                                                       |                1 |              4 |         4.00 |
|  tutorial_bd_i/processing_system7_0/inst/FCLK_CLK0 | tutorial_bd_i/axi_gpio_0/U0/AXI_LITE_IPIF_I/I_SLAVE_ATTACHMENT/bus2ip_addr_i[8]_i_1_n_0                                                                           | tutorial_bd_i/axi_gpio_0/U0/AXI_LITE_IPIF_I/I_SLAVE_ATTACHMENT/SR[0]                                                                                     |                1 |              4 |         4.00 |
|  tutorial_bd_i/processing_system7_0/inst/FCLK_CLK0 |                                                                                                                                                                   | tutorial_bd_i/ps7_0_axi_periph/s00_couplers/auto_pc/inst/gen_axilite.gen_b2s_conv.axilite_b2s/SI_REG/ar.ar_pipe/aresetn_d_reg[1]_inv_0                   |                1 |              4 |         4.00 |
|  tutorial_bd_i/processing_system7_0/inst/FCLK_CLK0 |                                                                                                                                                                   | tutorial_bd_i/ps7_0_axi_periph/s00_couplers/auto_pc/inst/gen_axilite.gen_b2s_conv.axilite_b2s/SI_REG/aw.aw_pipe/aresetn_d_reg[0]_0                       |                1 |              4 |         4.00 |
|  tutorial_bd_i/processing_system7_0/inst/FCLK_CLK0 |                                                                                                                                                                   | tutorial_bd_i/rst_ps7_0_100M/U0/EXT_LPF/lpf_int                                                                                                          |                1 |              4 |         4.00 |
|  tutorial_bd_i/processing_system7_0/inst/FCLK_CLK0 | tutorial_bd_i/ps7_0_axi_periph/s00_couplers/auto_pc/inst/gen_axilite.gen_b2s_conv.axilite_b2s/RD.r_channel_0/transaction_fifo_0/cnt_read[4]_i_1_n_0               | tutorial_bd_i/ps7_0_axi_periph/s00_couplers/auto_pc/inst/gen_axilite.gen_b2s_conv.axilite_b2s/areset_d1                                                  |                2 |              5 |         2.50 |
|  tutorial_bd_i/processing_system7_0/inst/FCLK_CLK0 | tutorial_bd_i/ps7_0_axi_periph/s00_couplers/auto_pc/inst/gen_axilite.gen_b2s_conv.axilite_b2s/RD.r_channel_0/rd_data_fifo_0/cnt_read[4]_i_1__0_n_0                | tutorial_bd_i/ps7_0_axi_periph/s00_couplers/auto_pc/inst/gen_axilite.gen_b2s_conv.axilite_b2s/areset_d1                                                  |                2 |              5 |         2.50 |
|  tutorial_bd_i/processing_system7_0/inst/FCLK_CLK0 | tutorial_bd_i/rst_ps7_0_100M/U0/SEQ/seq_cnt_en                                                                                                                    | tutorial_bd_i/rst_ps7_0_100M/U0/SEQ/SEQ_COUNTER/clear                                                                                                    |                1 |              6 |         6.00 |
|  mclk_0_IBUF_BUFG                                  |                                                                                                                                                                   |                                                                                                                                                          |                3 |              7 |         2.33 |
|  tutorial_bd_i/processing_system7_0/inst/FCLK_CLK0 | tutorial_bd_i/ps7_0_axi_periph/s00_couplers/auto_pc/inst/gen_axilite.gen_b2s_conv.axilite_b2s/WR.b_channel_0/mhandshake_r                                         | tutorial_bd_i/ps7_0_axi_periph/s00_couplers/auto_pc/inst/gen_axilite.gen_b2s_conv.axilite_b2s/WR.b_channel_0/bid_fifo_0/SR[0]                            |                3 |              8 |         2.67 |
|  tutorial_bd_i/processing_system7_0/inst/FCLK_CLK0 | tutorial_bd_i/axi_gpio_0/U0/AXI_LITE_IPIF_I/I_SLAVE_ATTACHMENT/I_DECODER/E[0]                                                                                     | tutorial_bd_i/axi_gpio_0/U0/AXI_LITE_IPIF_I/I_SLAVE_ATTACHMENT/SR[0]                                                                                     |                2 |              8 |         4.00 |
|  tutorial_bd_i/processing_system7_0/inst/FCLK_CLK0 | tutorial_bd_i/axi_gpio_0/U0/AXI_LITE_IPIF_I/I_SLAVE_ATTACHMENT/I_DECODER/bus2ip_rnw_i_reg[0]                                                                      | tutorial_bd_i/axi_gpio_0/U0/AXI_LITE_IPIF_I/I_SLAVE_ATTACHMENT/SR[0]                                                                                     |                2 |              8 |         4.00 |
|  tutorial_bd_i/processing_system7_0/inst/FCLK_CLK0 | tutorial_bd_i/axi_gpio_0/U0/AXI_LITE_IPIF_I/I_SLAVE_ATTACHMENT/s_axi_rresp_i                                                                                      | tutorial_bd_i/axi_gpio_0/U0/AXI_LITE_IPIF_I/I_SLAVE_ATTACHMENT/SR[0]                                                                                     |                2 |              9 |         4.50 |
|  tutorial_bd_i/processing_system7_0/inst/FCLK_CLK0 |                                                                                                                                                                   | tutorial_bd_i/ps7_0_axi_periph/s00_couplers/auto_pc/inst/gen_axilite.gen_b2s_conv.axilite_b2s/areset_d1                                                  |                3 |             10 |         3.33 |
|  tutorial_bd_i/processing_system7_0/inst/FCLK_CLK0 | tutorial_bd_i/ps7_0_axi_periph/s00_couplers/auto_pc/inst/gen_axilite.gen_b2s_conv.axilite_b2s/RD.ar_channel_0/ar_cmd_fsm_0/E[0]                                   |                                                                                                                                                          |                5 |             12 |         2.40 |
|  tutorial_bd_i/processing_system7_0/inst/FCLK_CLK0 | tutorial_bd_i/ps7_0_axi_periph/s00_couplers/auto_pc/inst/gen_axilite.gen_b2s_conv.axilite_b2s/WR.aw_channel_0/aw_cmd_fsm_0/m_valid_i_reg[0]                       |                                                                                                                                                          |                5 |             12 |         2.40 |
|  tutorial_bd_i/processing_system7_0/inst/FCLK_CLK0 | tutorial_bd_i/ps7_0_axi_periph/s00_couplers/auto_pc/inst/gen_axilite.gen_b2s_conv.axilite_b2s/WR.aw_channel_0/cmd_translator_0/incr_cmd_0/axaddr_incr[11]_i_1_n_0 |                                                                                                                                                          |                3 |             12 |         4.00 |
|  tutorial_bd_i/processing_system7_0/inst/FCLK_CLK0 | tutorial_bd_i/ps7_0_axi_periph/s00_couplers/auto_pc/inst/gen_axilite.gen_b2s_conv.axilite_b2s/RD.ar_channel_0/ar_cmd_fsm_0/sel_first_reg[0]                       |                                                                                                                                                          |                3 |             12 |         4.00 |
|  tutorial_bd_i/processing_system7_0/inst/FCLK_CLK0 | tutorial_bd_i/ps7_0_axi_periph/s00_couplers/auto_pc/inst/gen_axilite.gen_b2s_conv.axilite_b2s/RD.r_channel_0/r_push_r                                             |                                                                                                                                                          |                4 |             13 |         3.25 |
|  tutorial_bd_i/processing_system7_0/inst/FCLK_CLK0 | tutorial_bd_i/ps7_0_axi_periph/s00_couplers/auto_pc/inst/gen_axilite.gen_b2s_conv.axilite_b2s/SI_REG/b.b_pipe/s_ready_i_reg_0                                     |                                                                                                                                                          |                3 |             14 |         4.67 |
|  tutorial_bd_i/processing_system7_0/inst/FCLK_CLK0 | tutorial_bd_i/ps7_0_axi_periph/s00_couplers/auto_pc/inst/gen_axilite.gen_b2s_conv.axilite_b2s/SI_REG/b.b_pipe/p_1_in                                              |                                                                                                                                                          |                3 |             14 |         4.67 |
|  mclk_0_IBUF_BUFG                                  | tutorial_bd_i/fpga_system_0/U0/UUT_VEL_READ/moving_sum[11]_i_1_n_0                                                                                                |                                                                                                                                                          |                3 |             16 |         5.33 |
|  tutorial_bd_i/processing_system7_0/inst/FCLK_CLK0 | tutorial_bd_i/ps7_0_axi_periph/s00_couplers/auto_pc/inst/gen_axilite.gen_b2s_conv.axilite_b2s/WR.aw_channel_0/aw_cmd_fsm_0/m_axi_awready_0                        |                                                                                                                                                          |                3 |             16 |         5.33 |
|  tutorial_bd_i/processing_system7_0/inst/FCLK_CLK0 |                                                                                                                                                                   | tutorial_bd_i/axi_gpio_0/U0/AXI_LITE_IPIF_I/I_SLAVE_ATTACHMENT/I_DECODER/bus2ip_rnw_i_reg_0                                                              |                4 |             16 |         4.00 |
|  tutorial_bd_i/processing_system7_0/inst/FCLK_CLK0 | tutorial_bd_i/ps7_0_axi_periph/s00_couplers/auto_pc/inst/gen_axilite.gen_b2s_conv.axilite_b2s/RD.ar_channel_0/ar_cmd_fsm_0/m_axi_arready_2                        |                                                                                                                                                          |                9 |             21 |         2.33 |
|  tutorial_bd_i/processing_system7_0/inst/FCLK_CLK0 | tutorial_bd_i/ps7_0_axi_periph/s00_couplers/auto_pc/inst/gen_axilite.gen_b2s_conv.axilite_b2s/WR.aw_channel_0/aw_cmd_fsm_0/FSM_sequential_state_reg[0]_1          |                                                                                                                                                          |               10 |             24 |         2.40 |
|  tutorial_bd_i/processing_system7_0/inst/FCLK_CLK0 |                                                                                                                                                                   | tutorial_bd_i/axi_gpio_0/U0/AXI_LITE_IPIF_I/I_SLAVE_ATTACHMENT/SR[0]                                                                                     |                7 |             24 |         3.43 |
|  mclk_0_IBUF_BUFG                                  | tutorial_bd_i/fpga_system_0/U0/UUT_VEL_READ/moving_sum[11]_i_1_n_0                                                                                                | reset_0_IBUF                                                                                                                                             |                8 |             29 |         3.62 |
|  tutorial_bd_i/processing_system7_0/inst/FCLK_CLK0 | tutorial_bd_i/ps7_0_axi_periph/s00_couplers/auto_pc/inst/gen_axilite.gen_b2s_conv.axilite_b2s/RD.ar_channel_0/ar_cmd_fsm_0/m_valid_i_reg[0]                       |                                                                                                                                                          |                6 |             32 |         5.33 |
|  tutorial_bd_i/processing_system7_0/inst/FCLK_CLK0 | tutorial_bd_i/ps7_0_axi_periph/s00_couplers/auto_pc/inst/gen_axilite.gen_b2s_conv.axilite_b2s/SI_REG/ar.ar_pipe/s_ready_i_reg_0                                   |                                                                                                                                                          |                6 |             32 |         5.33 |
|  tutorial_bd_i/processing_system7_0/inst/FCLK_CLK0 | tutorial_bd_i/ps7_0_axi_periph/s00_couplers/auto_pc/inst/gen_axilite.gen_b2s_conv.axilite_b2s/RD.r_channel_0/rd_data_fifo_0/wr_en0                                |                                                                                                                                                          |                9 |             32 |         3.56 |
|  tutorial_bd_i/processing_system7_0/inst/FCLK_CLK0 | tutorial_bd_i/ps7_0_axi_periph/s00_couplers/auto_pc/inst/gen_axilite.gen_b2s_conv.axilite_b2s/WR.aw_channel_0/aw_cmd_fsm_0/E[0]                                   |                                                                                                                                                          |                7 |             32 |         4.57 |
|  tutorial_bd_i/processing_system7_0/inst/FCLK_CLK0 | tutorial_bd_i/ps7_0_axi_periph/s00_couplers/auto_pc/inst/gen_axilite.gen_b2s_conv.axilite_b2s/SI_REG/aw.aw_pipe/s_ready_i_reg_0                                   |                                                                                                                                                          |                5 |             32 |         6.40 |
|  tutorial_bd_i/processing_system7_0/inst/FCLK_CLK0 | tutorial_bd_i/ps7_0_axi_periph/s00_couplers/auto_pc/inst/gen_axilite.gen_b2s_conv.axilite_b2s/SI_REG/r.r_pipe/p_1_in                                              |                                                                                                                                                          |                7 |             45 |         6.43 |
|  tutorial_bd_i/processing_system7_0/inst/FCLK_CLK0 | tutorial_bd_i/ps7_0_axi_periph/s00_couplers/auto_pc/inst/gen_axilite.gen_b2s_conv.axilite_b2s/SI_REG/r.r_pipe/s_ready_i_reg_0                                     |                                                                                                                                                          |                6 |             45 |         7.50 |
|  mclk_0_IBUF_BUFG                                  |                                                                                                                                                                   | reset_0_IBUF                                                                                                                                             |               15 |             57 |         3.80 |
|  tutorial_bd_i/processing_system7_0/inst/FCLK_CLK0 |                                                                                                                                                                   |                                                                                                                                                          |               45 |            153 |         3.40 |
+----------------------------------------------------+-------------------------------------------------------------------------------------------------------------------------------------------------------------------+----------------------------------------------------------------------------------------------------------------------------------------------------------+------------------+----------------+--------------+


